#
# There is insufficient memory for the Java Runtime Environment to continue.
# Native memory allocation (mmap) failed to map 89653248 bytes for committing reserved memory.
# Possible reasons:
#   The system is out of physical RAM or swap space
#   In 32 bit mode, the process size limit was hit
# Possible solutions:
#   Reduce memory load on the system
#   Increase physical memory or swap space
#   Check if swap backing store is full
#   Use 64 bit Java on a 64 bit OS
#   Decrease Java heap size (-Xmx/-Xms)
#   Decrease number of Java threads
#   Decrease Java thread stack sizes (-Xss)
#   Set larger code cache with -XX:ReservedCodeCacheSize=
# This output file may be truncated or incomplete.
#
#  Out of Memory Error (os_linux.cpp:2640), pid=14617, tid=0x00007f82c6949700
#
# JRE version: Java(TM) SE Runtime Environment (8.0_152-b16) (build 1.8.0_152-b16)
# Java VM: Java HotSpot(TM) 64-Bit Server VM (25.152-b16 mixed mode linux-amd64 compressed oops)
# Failed to write core dump. Core dumps have been disabled. To enable core dumping, try "ulimit -c unlimited" before starting Java again
#

---------------  T H R E A D  ---------------

Current thread (0x00007f82dc081800):  VMThread [stack: 0x00007f82c6849000,0x00007f82c694a000] [id=14627]

Stack: [0x00007f82c6849000,0x00007f82c694a000],  sp=0x00007f82c6948050,  free space=1020k
Native frames: (J=compiled Java code, j=interpreted, Vv=VM code, C=native code)
V  [libjvm.so+0xacf62a]  VMError::report_and_die()+0x2ba
V  [libjvm.so+0x5008bb]  report_vm_out_of_memory(char const*, int, unsigned long, VMErrorType, char const*)+0x8b
V  [libjvm.so+0x92afe3]  os::Linux::commit_memory_impl(char*, unsigned long, bool)+0x103
V  [libjvm.so+0x92b479]  os::pd_commit_memory(char*, unsigned long, unsigned long, bool)+0x29
V  [libjvm.so+0x924aba]  os::commit_memory(char*, unsigned long, unsigned long, bool)+0x2a
V  [libjvm.so+0x99a993]  PSVirtualSpace::expand_by(unsigned long)+0x53
V  [libjvm.so+0x99bd98]  PSYoungGen::resize_generation(unsigned long, unsigned long)+0xf8
V  [libjvm.so+0x99aef2]  PSYoungGen::resize(unsigned long, unsigned long)+0x22
V  [libjvm.so+0x9981cb]  PSScavenge::invoke_no_policy()+0xf3b
V  [libjvm.so+0x998951]  PSScavenge::invoke()+0x41
V  [libjvm.so+0x94f440]  ParallelScavengeHeap::failed_mem_allocate(unsigned long)+0x70
V  [libjvm.so+0xad10a7]  VM_ParallelGCFailedAllocation::doit()+0x97
V  [libjvm.so+0xad8bb5]  VM_Operation::evaluate()+0x55
V  [libjvm.so+0xad6f7a]  VMThread::evaluate_operation(VM_Operation*)+0xba
V  [libjvm.so+0xad72fe]  VMThread::loop()+0x1ce
V  [libjvm.so+0xad7770]  VMThread::run()+0x70
V  [libjvm.so+0x92d8d8]  java_start(Thread*)+0x108

VM_Operation (0x00007f826cbe44f0): ParallelGCFailedAllocation, mode: safepoint, requested by thread 0x00007f8270004800


---------------  P R O C E S S  ---------------

Java Threads: ( => current thread )
  0x00007f8270004800 JavaThread "springCloudBus.anonymous.CQMY5eWZT3qXi8OHF6x3BA-118" [_thread_blocked, id=17015, stack(0x00007f826cae5000,0x00007f826cbe6000)]
  0x00007f829c002800 JavaThread "task-scheduler-10" [_thread_blocked, id=14989, stack(0x00007f826cbe6000,0x00007f826cce7000)]
  0x00007f8244006800 JavaThread "task-scheduler-9" [_thread_blocked, id=14955, stack(0x00007f826cce7000,0x00007f826cde8000)]
  0x00007f8290023800 JavaThread "task-scheduler-8" [_thread_blocked, id=14948, stack(0x00007f826cde8000,0x00007f826cee9000)]
  0x0000000000ffc800 JavaThread "task-scheduler-7" [_thread_blocked, id=14927, stack(0x00007f82c49ac000,0x00007f82c4aad000)]
  0x00007f828800c800 JavaThread "task-scheduler-6" [_thread_blocked, id=14915, stack(0x00007f82c47aa000,0x00007f82c48ab000)]
  0x00007f8244005000 JavaThread "task-scheduler-5" [_thread_blocked, id=14905, stack(0x00007f82c48ab000,0x00007f82c49ac000)]
  0x0000000000ffb800 JavaThread "task-scheduler-4" [_thread_blocked, id=14883, stack(0x00007f82c4069000,0x00007f82c416a000)]
  0x00007f8244004000 JavaThread "task-scheduler-3" [_thread_blocked, id=14871, stack(0x00007f826e1fa000,0x00007f826e2fb000)]
  0x00007f82dc013800 JavaThread "DestroyJavaVM" [_thread_blocked, id=14618, stack(0x00007f82e3831000,0x00007f82e3932000)]
  0x00007f8274d7d800 JavaThread "http-nio-8888-AsyncTimeout" daemon [_thread_blocked, id=14862, stack(0x00007f826cee9000,0x00007f826cfea000)]
  0x00007f8274d7c800 JavaThread "http-nio-8888-Acceptor-0" daemon [_thread_in_native, id=14861, stack(0x00007f826cfea000,0x00007f826d0eb000)]
  0x00007f8274d79800 JavaThread "http-nio-8888-ClientPoller-1" daemon [_thread_blocked, id=14859, stack(0x00007f826d0eb000,0x00007f826d1ec000)]
  0x00007f8274d5d000 JavaThread "http-nio-8888-ClientPoller-0" daemon [_thread_blocked, id=14857, stack(0x00007f826d1ec000,0x00007f826d2ed000)]
  0x00007f8274d5a800 JavaThread "http-nio-8888-exec-10" daemon [_thread_blocked, id=14855, stack(0x00007f826d2ed000,0x00007f826d3ee000)]
  0x00007f8274d58800 JavaThread "http-nio-8888-exec-9" daemon [_thread_blocked, id=14853, stack(0x00007f826d3ee000,0x00007f826d4ef000)]
  0x00007f8274d56800 JavaThread "http-nio-8888-exec-8" daemon [_thread_blocked, id=14852, stack(0x00007f826d4ef000,0x00007f826d5f0000)]
  0x00007f8274d55000 JavaThread "http-nio-8888-exec-7" daemon [_thread_blocked, id=14851, stack(0x00007f826d5f0000,0x00007f826d6f1000)]
  0x00007f8274d53000 JavaThread "http-nio-8888-exec-6" daemon [_thread_blocked, id=14850, stack(0x00007f826d6f1000,0x00007f826d7f2000)]
  0x00007f8274d51000 JavaThread "http-nio-8888-exec-5" daemon [_thread_blocked, id=14849, stack(0x00007f826d7f2000,0x00007f826d8f3000)]
  0x00007f8274d4f000 JavaThread "http-nio-8888-exec-4" daemon [_thread_blocked, id=14848, stack(0x00007f826d8f3000,0x00007f826d9f4000)]
  0x00007f8274d4d000 JavaThread "http-nio-8888-exec-3" daemon [_thread_blocked, id=14847, stack(0x00007f826d9f4000,0x00007f826daf5000)]
  0x00007f8274d4b000 JavaThread "http-nio-8888-exec-2" daemon [_thread_blocked, id=14846, stack(0x00007f826daf5000,0x00007f826dbf6000)]
  0x00007f8274d4a000 JavaThread "http-nio-8888-exec-1" daemon [_thread_blocked, id=14845, stack(0x00007f826dbf6000,0x00007f826dcf7000)]
  0x00007f8274d48800 JavaThread "NioBlockingSelector.BlockPoller-1" daemon [_thread_blocked, id=14844, stack(0x00007f826dcf7000,0x00007f826ddf8000)]
  0x00007f8244001800 JavaThread "task-scheduler-2" [_thread_blocked, id=14843, stack(0x00007f826dff8000,0x00007f826e0f9000)]
  0x00007f8274d30800 JavaThread "task-scheduler-1" [_thread_blocked, id=14842, stack(0x00007f826e0f9000,0x00007f826e1fa000)]
  0x00007f8274c2a000 JavaThread "spring.cloud.inetutils" daemon [_thread_blocked, id=14813, stack(0x00007f826e5fc000,0x00007f826e6fd000)]
  0x00007f8274c1a800 JavaThread "Live Reload Server" daemon [_thread_in_native, id=14811, stack(0x00007f826e4fb000,0x00007f826e5fc000)]
  0x00007f8274c12000 JavaThread "File Watcher" daemon [_thread_blocked, id=14809, stack(0x00007f826e6fd000,0x00007f826e7fe000)]
  0x00007f8274a4a000 JavaThread "container-0" [_thread_blocked, id=14801, stack(0x00007f826ebfe000,0x00007f826ecff000)]
  0x00007f8274a47000 JavaThread "ContainerBackgroundProcessor[StandardEngine[Tomcat]]" daemon [_thread_blocked, id=14800, stack(0x00007f826ecff000,0x00007f826ee00000)]
  0x00007f82dc556000 JavaThread "RMI TCP Accept-0" daemon [_thread_in_native, id=14654, stack(0x00007f82c4fc9000,0x00007f82c50ca000)]
  0x00007f82dc54c800 JavaThread "RMI TCP Accept-43589" daemon [_thread_in_native, id=14653, stack(0x00007f82c50ca000,0x00007f82c51cb000)]
  0x00007f82dc530800 JavaThread "RMI TCP Accept-0" daemon [_thread_in_native, id=14650, stack(0x00007f82c51cb000,0x00007f82c52cc000)]
  0x00007f82dc0db800 JavaThread "Service Thread" daemon [_thread_blocked, id=14646, stack(0x00007f82c5c3b000,0x00007f82c5d3c000)]
  0x00007f82dc0d8000 JavaThread "C1 CompilerThread2" daemon [_thread_blocked, id=14645, stack(0x00007f82c5d3c000,0x00007f82c5e3d000)]
  0x00007f82dc0d6800 JavaThread "C2 CompilerThread1" daemon [_thread_blocked, id=14644, stack(0x00007f82c5e3d000,0x00007f82c5f3e000)]
  0x00007f82dc0d3800 JavaThread "C2 CompilerThread0" daemon [_thread_blocked, id=14643, stack(0x00007f82c5f3e000,0x00007f82c603f000)]
  0x00007f82a4001000 JavaThread "JDWP Command Reader" daemon [_thread_blocked, id=14636, stack(0x00007f82c603f000,0x00007f82c6140000)]
  0x00007f82dc0d1000 JavaThread "JDWP Event Helper Thread" daemon [_thread_blocked, id=14635, stack(0x00007f82c6140000,0x00007f82c6241000)]
  0x00007f82dc0ce000 JavaThread "JDWP Transport Listener: dt_socket" daemon [_thread_blocked, id=14634, stack(0x00007f82c6241000,0x00007f82c6342000)]
  0x00007f82dc0bf000 JavaThread "Signal Dispatcher" daemon [_thread_blocked, id=14632, stack(0x00007f82c6546000,0x00007f82c6647000)]
  0x00007f82dc08d800 JavaThread "Finalizer" daemon [_thread_blocked, id=14630, stack(0x00007f82c6647000,0x00007f82c6748000)]
  0x00007f82dc089000 JavaThread "Reference Handler" daemon [_thread_blocked, id=14629, stack(0x00007f82c6748000,0x00007f82c6849000)]

Other Threads:
=>0x00007f82dc081800 VMThread [stack: 0x00007f82c6849000,0x00007f82c694a000] [id=14627]
  0x00007f82dc55a800 WatcherThread [stack: 0x00007f82c4ec8000,0x00007f82c4fc9000] [id=14655]

VM state:at safepoint (normal execution)

VM Mutex/Monitor currently owned by a thread:  ([mutex/lock_event])
[0x00007f82dc00f830] Threads_lock - owner thread: 0x00007f82dc081800
[0x00007f82dc00fd30] Heap_lock - owner thread: 0x00007f8270004800

Heap:
 PSYoungGen      total 351232K, used 4771K [0x00000000d8900000, 0x00000000eee80000, 0x0000000100000000)
  eden space 336384K, 0% used [0x00000000d8900000,0x00000000d8900000,0x00000000ed180000)
  from space 14848K, 32% used [0x00000000ed180000,0x00000000ed628c30,0x00000000ee000000)
  to   space 11776K, 0% used [0x00000000ee300000,0x00000000ee300000,0x00000000eee80000)
 ParOldGen       total 89088K, used 39239K [0x0000000089a00000, 0x000000008f100000, 0x00000000d8900000)
  object space 89088K, 44% used [0x0000000089a00000,0x000000008c051c68,0x000000008f100000)
 Metaspace       used 42694K, capacity 44088K, committed 44376K, reserved 1087488K
  class space    used 5651K, capacity 5952K, committed 6016K, reserved 1048576K

Card table byte_map: [0x00007f82cc88c000,0x00007f82ccc40000] byte_map_base: 0x00007f82cc43f000

Marking Bits: (ParMarkBitMap*) 0x00007f82e2ce61a0
 Begin Bits: [0x00007f82c86e0000, 0x00007f82ca478000)
 End Bits:   [0x00007f82ca478000, 0x00007f82cc210000)

Polling page: 0x00007f82e394f000

CodeCache: size=245760Kb used=10681Kb max_used=10875Kb free=235078Kb
 bounds [0x00007f82cd000000, 0x00007f82cdaa0000, 0x00007f82dc000000]
 total_blobs=5806 nmethods=5346 adapters=380
 compilation: enabled

Compilation events (10 events):
Event: 586.980 Thread 0x00007f82dc0d8000 nmethod 5489 0x00007f82cd5f9090 code [0x00007f82cd5f9200, 0x00007f82cd5f9388]
Event: 586.981 Thread 0x00007f82dc0d8000 5490       1       org.springframework.util.ObjectUtils::getIdentityHexString (8 bytes)
Event: 586.981 Thread 0x00007f82dc0d8000 nmethod 5490 0x00007f82cd5f8d10 code [0x00007f82cd5f8e80, 0x00007f82cd5f8fb8]
Event: 591.013 Thread 0x00007f82dc0d8000 5491       1       java.util.concurrent.locks.AbstractQueuedSynchronizer$ConditionObject::addConditionWaiter (64 bytes)
Event: 591.362 Thread 0x00007f82dc0d8000 nmethod 5491 0x00007f82cd750ad0 code [0x00007f82cd750c40, 0x00007f82cd750ea8]
Event: 591.415 Thread 0x00007f82dc0d8000 5492       1       java.util.concurrent.locks.AbstractQueuedSynchronizer$Node::<init> (15 bytes)
Event: 591.808 Thread 0x00007f82dc0d8000 nmethod 5492 0x00007f82cd7507d0 code [0x00007f82cd750920, 0x00007f82cd750a50]
Event: 620.830 Thread 0x00007f82dc0d8000 5494       1       org.springframework.util.CustomizableThreadCreator::getThreadGroup (5 bytes)
Event: 622.167 Thread 0x00007f82dc0d8000 nmethod 5494 0x00007f82cd822b50 code [0x00007f82cd822ca0, 0x00007f82cd822db0]
Event: 622.547 Thread 0x00007f82dc0d8000 5495       1       org.springframework.util.CustomizableThreadCreator::getThreadNamePrefix (5 bytes)

GC Heap History (10 events):
Event: 11.616 GC heap after
Heap after GC invocations=10 (full 1):
 PSYoungGen      total 189440K, used 8678K [0x00000000d8900000, 0x00000000ea380000, 0x0000000100000000)
  eden space 180736K, 0% used [0x00000000d8900000,0x00000000d8900000,0x00000000e3980000)
  from space 8704K, 99% used [0x00000000e3980000,0x00000000e41f9820,0x00000000e4200000)
  to   space 15360K, 0% used [0x00000000e9480000,0x00000000e9480000,0x00000000ea380000)
 ParOldGen       total 47616K, used 20578K [0x0000000089a00000, 0x000000008c880000, 0x00000000d8900000)
  object space 47616K, 43% used [0x0000000089a00000,0x000000008ae18ad8,0x000000008c880000)
 Metaspace       used 33684K, capacity 34524K, committed 34816K, reserved 1079296K
  class space    used 4393K, capacity 4582K, committed 4608K, reserved 1048576K
}
Event: 12.413 GC heap before
{Heap before GC invocations=11 (full 1):
 PSYoungGen      total 189440K, used 64434K [0x00000000d8900000, 0x00000000ea380000, 0x0000000100000000)
  eden space 180736K, 30% used [0x00000000d8900000,0x00000000dbf73338,0x00000000e3980000)
  from space 8704K, 99% used [0x00000000e3980000,0x00000000e41f9820,0x00000000e4200000)
  to   space 15360K, 0% used [0x00000000e9480000,0x00000000e9480000,0x00000000ea380000)
 ParOldGen       total 47616K, used 20578K [0x0000000089a00000, 0x000000008c880000, 0x00000000d8900000)
  object space 47616K, 43% used [0x0000000089a00000,0x000000008ae18ad8,0x000000008c880000)
 Metaspace       used 34434K, capacity 35318K, committed 35416K, reserved 1079296K
  class space    used 4510K, capacity 4715K, committed 4736K, reserved 1048576K
Event: 12.431 GC heap after
Heap after GC invocations=11 (full 1):
 PSYoungGen      total 274432K, used 8886K [0x00000000d8900000, 0x00000000ea380000, 0x0000000100000000)
  eden space 259072K, 0% used [0x00000000d8900000,0x00000000d8900000,0x00000000e8600000)
  from space 15360K, 57% used [0x00000000e9480000,0x00000000e9d2d948,0x00000000ea380000)
  to   space 14848K, 0% used [0x00000000e8600000,0x00000000e8600000,0x00000000e9480000)
 ParOldGen       total 47616K, used 22606K [0x0000000089a00000, 0x000000008c880000, 0x00000000d8900000)
  object space 47616K, 47% used [0x0000000089a00000,0x000000008b013b38,0x000000008c880000)
 Metaspace       used 34434K, capacity 35318K, committed 35416K, reserved 1079296K
  class space    used 4510K, capacity 4715K, committed 4736K, reserved 1048576K
}
Event: 12.432 GC heap before
{Heap before GC invocations=12 (full 2):
 PSYoungGen      total 274432K, used 8886K [0x00000000d8900000, 0x00000000ea380000, 0x0000000100000000)
  eden space 259072K, 0% used [0x00000000d8900000,0x00000000d8900000,0x00000000e8600000)
  from space 15360K, 57% used [0x00000000e9480000,0x00000000e9d2d948,0x00000000ea380000)
  to   space 14848K, 0% used [0x00000000e8600000,0x00000000e8600000,0x00000000e9480000)
 ParOldGen       total 47616K, used 22606K [0x0000000089a00000, 0x000000008c880000, 0x00000000d8900000)
  object space 47616K, 47% used [0x0000000089a00000,0x000000008b013b38,0x000000008c880000)
 Metaspace       used 34434K, capacity 35318K, committed 35416K, reserved 1079296K
  class space    used 4510K, capacity 4715K, committed 4736K, reserved 1048576K
Event: 12.626 GC heap after
Heap after GC invocations=12 (full 2):
 PSYoungGen      total 274432K, used 0K [0x00000000d8900000, 0x00000000ea380000, 0x0000000100000000)
  eden space 259072K, 0% used [0x00000000d8900000,0x00000000d8900000,0x00000000e8600000)
  from space 15360K, 0% used [0x00000000e9480000,0x00000000e9480000,0x00000000ea380000)
  to   space 14848K, 0% used [0x00000000e8600000,0x00000000e8600000,0x00000000e9480000)
 ParOldGen       total 89088K, used 25227K [0x0000000089a00000, 0x000000008f100000, 0x00000000d8900000)
  object space 89088K, 28% used [0x0000000089a00000,0x000000008b2a2c08,0x000000008f100000)
 Metaspace       used 34434K, capacity 35318K, committed 35416K, reserved 1079296K
  class space    used 4510K, capacity 4715K, committed 4736K, reserved 1048576K
}
Event: 16.091 GC heap before
{Heap before GC invocations=13 (full 2):
 PSYoungGen      total 274432K, used 259072K [0x00000000d8900000, 0x00000000ea380000, 0x0000000100000000)
  eden space 259072K, 100% used [0x00000000d8900000,0x00000000e8600000,0x00000000e8600000)
  from space 15360K, 0% used [0x00000000e9480000,0x00000000e9480000,0x00000000ea380000)
  to   space 14848K, 0% used [0x00000000e8600000,0x00000000e8600000,0x00000000e9480000)
 ParOldGen       total 89088K, used 25227K [0x0000000089a00000, 0x000000008f100000, 0x00000000d8900000)
  object space 89088K, 28% used [0x0000000089a00000,0x000000008b2a2c08,0x000000008f100000)
 Metaspace       used 37846K, capacity 38822K, committed 39128K, reserved 1083392K
  class space    used 4995K, capacity 5249K, committed 5376K, reserved 1048576K
Event: 16.125 GC heap after
Heap after GC invocations=13 (full 2):
 PSYoungGen      total 273920K, used 11769K [0x00000000d8900000, 0x00000000ef280000, 0x0000000100000000)
  eden space 259072K, 0% used [0x00000000d8900000,0x00000000d8900000,0x00000000e8600000)
  from space 14848K, 79% used [0x00000000e8600000,0x00000000e917e4a0,0x00000000e9480000)
  to   space 15872K, 0% used [0x00000000ee300000,0x00000000ee300000,0x00000000ef280000)
 ParOldGen       total 89088K, used 25235K [0x0000000089a00000, 0x000000008f100000, 0x00000000d8900000)
  object space 89088K, 28% used [0x0000000089a00000,0x000000008b2a4c08,0x000000008f100000)
 Metaspace       used 37846K, capacity 38822K, committed 39128K, reserved 1083392K
  class space    used 4995K, capacity 5249K, committed 5376K, reserved 1048576K
}
Event: 20.039 GC heap before
{Heap before GC invocations=14 (full 2):
 PSYoungGen      total 273920K, used 270841K [0x00000000d8900000, 0x00000000ef280000, 0x0000000100000000)
  eden space 259072K, 100% used [0x00000000d8900000,0x00000000e8600000,0x00000000e8600000)
  from space 14848K, 79% used [0x00000000e8600000,0x00000000e917e4a0,0x00000000e9480000)
  to   space 15872K, 0% used [0x00000000ee300000,0x00000000ee300000,0x00000000ef280000)
 ParOldGen       total 89088K, used 25235K [0x0000000089a00000, 0x000000008f100000, 0x00000000d8900000)
  object space 89088K, 28% used [0x0000000089a00000,0x000000008b2a4c08,0x000000008f100000)
 Metaspace       used 40094K, capacity 41326K, committed 41432K, reserved 1085440K
  class space    used 5290K, capacity 5575K, committed 5632K, reserved 1048576K
Event: 20.095 GC heap after
Heap after GC invocations=14 (full 2):
 PSYoungGen      total 348160K, used 8021K [0x00000000d8900000, 0x00000000eee80000, 0x0000000100000000)
  eden space 336384K, 0% used [0x00000000d8900000,0x00000000d8900000,0x00000000ed180000)
  from space 11776K, 68% used [0x00000000ee300000,0x00000000eead57a8,0x00000000eee80000)
  to   space 14848K, 0% used [0x00000000ed180000,0x00000000ed180000,0x00000000ee000000)
 ParOldGen       total 89088K, used 33699K [0x0000000089a00000, 0x000000008f100000, 0x00000000d8900000)
  object space 89088K, 37% used [0x0000000089a00000,0x000000008bae8c08,0x000000008f100000)
 Metaspace       used 40094K, capacity 41326K, committed 41432K, reserved 1085440K
  class space    used 5290K, capacity 5575K, committed 5632K, reserved 1048576K
}
Event: 623.100 GC heap before
{Heap before GC invocations=15 (full 2):
 PSYoungGen      total 348160K, used 344405K [0x00000000d8900000, 0x00000000eee80000, 0x0000000100000000)
  eden space 336384K, 100% used [0x00000000d8900000,0x00000000ed180000,0x00000000ed180000)
  from space 11776K, 68% used [0x00000000ee300000,0x00000000eead57a8,0x00000000eee80000)
  to   space 14848K, 0% used [0x00000000ed180000,0x00000000ed180000,0x00000000ee000000)
 ParOldGen       total 89088K, used 33699K [0x0000000089a00000, 0x000000008f100000, 0x00000000d8900000)
  object space 89088K, 37% used [0x0000000089a00000,0x000000008bae8c08,0x000000008f100000)
 Metaspace       used 42694K, capacity 44088K, committed 44376K, reserved 1087488K
  class space    used 5651K, capacity 5952K, committed 6016K, reserved 1048576K

Deoptimization events (0 events):
No events

Classes redefined (0 events):
No events

Internal exceptions (10 events):
Event: 564.651 Thread 0x00007f8244008000 Exception <a 'java/net/ConnectException'> (0x00000000ebe87ec0) thrown at [/HUDSON/workspace/8-2-build-linux-amd64/jdk8u152/9742/hotspot/src/share/vm/prims/jni.cpp, line 709]
Event: 569.702 Thread 0x00007f825003a000 Exception <a 'java/net/ConnectException'> (0x00000000ec02c6e8) thrown at [/HUDSON/workspace/8-2-build-linux-amd64/jdk8u152/9742/hotspot/src/share/vm/prims/jni.cpp, line 709]
Event: 575.383 Thread 0x00007f824c007800 Exception <a 'java/net/ConnectException'> (0x00000000ec2a3300) thrown at [/HUDSON/workspace/8-2-build-linux-amd64/jdk8u152/9742/hotspot/src/share/vm/prims/jni.cpp, line 709]
Event: 581.483 Thread 0x00007f8258003000 Exception <a 'java/net/ConnectException'> (0x00000000ec447d78) thrown at [/HUDSON/workspace/8-2-build-linux-amd64/jdk8u152/9742/hotspot/src/share/vm/prims/jni.cpp, line 709]
Event: 586.967 Thread 0x00007f8254007800 Exception <a 'java/net/ConnectException'> (0x00000000ec5ec350) thrown at [/HUDSON/workspace/8-2-build-linux-amd64/jdk8u152/9742/hotspot/src/share/vm/prims/jni.cpp, line 709]
Event: 592.420 Thread 0x00007f8260003000 Exception <a 'java/net/ConnectException'> (0x00000000ec862f68) thrown at [/HUDSON/workspace/8-2-build-linux-amd64/jdk8u152/9742/hotspot/src/share/vm/prims/jni.cpp, line 709]
Event: 597.660 Thread 0x00007f825c004800 Exception <a 'java/net/ConnectException'> (0x00000000eca07790) thrown at [/HUDSON/workspace/8-2-build-linux-amd64/jdk8u152/9742/hotspot/src/share/vm/prims/jni.cpp, line 709]
Event: 602.849 Thread 0x00007f8264049800 Exception <a 'java/net/ConnectException'> (0x00000000ecbabfb8) thrown at [/HUDSON/workspace/8-2-build-linux-amd64/jdk8u152/9742/hotspot/src/share/vm/prims/jni.cpp, line 709]
Event: 608.439 Thread 0x00007f826819d000 Exception <a 'java/net/ConnectException'> (0x00000000ecd507e0) thrown at [/HUDSON/workspace/8-2-build-linux-amd64/jdk8u152/9742/hotspot/src/share/vm/prims/jni.cpp, line 709]
Event: 614.720 Thread 0x00007f8274a46000 Exception <a 'java/net/ConnectException'> (0x00000000ecfc7628) thrown at [/HUDSON/workspace/8-2-build-linux-amd64/jdk8u152/9742/hotspot/src/share/vm/prims/jni.cpp, line 709]

Events (10 events):
Event: 614.292 Executing VM operation: RevokeBias
Event: 614.438 Executing VM operation: RevokeBias done
Event: 614.459 Thread 0x00007f826819d000 Thread exited: 0x00007f826819d000
Event: 621.490 Thread 0x00007f8270004800 Thread added: 0x00007f8270004800
Event: 621.791 Executing VM operation: RevokeBias
Event: 622.229 Executing VM operation: RevokeBias done
Event: 622.338 Thread 0x00007f8274a46000 Thread exited: 0x00007f8274a46000
Event: 622.323 Thread 0x00007f82dc0d8000 flushing nmethod 0x00007f82cd8cee50
Event: 622.493 Thread 0x00007f82dc0d8000 flushing nmethod 0x00007f82cd8f86d0
Event: 622.654 Executing VM operation: ParallelGCFailedAllocation


Dynamic libraries:
00400000-00401000 r-xp 00000000 08:07 523315                             /usr/local/jdk/jdk1.8.0_152/bin/java
00600000-00601000 rw-p 00000000 08:07 523315                             /usr/local/jdk/jdk1.8.0_152/bin/java
00ff6000-01017000 rw-p 00000000 00:00 0                                  [heap]
89a00000-8f100000 rw-p 00000000 00:00 0 
8f100000-d8900000 ---p 00000000 00:00 0 
d8900000-eee80000 rw-p 00000000 00:00 0 
f4400000-100000000 ---p 00000000 00:00 0 
100000000-1005e0000 rw-p 00000000 00:00 0 
1005e0000-140000000 ---p 00000000 00:00 0 
7f8244000000-7f8244021000 rw-p 00000000 00:00 0 
7f8244021000-7f8248000000 ---p 00000000 00:00 0 
7f824c000000-7f824c021000 rw-p 00000000 00:00 0 
7f824c021000-7f8250000000 ---p 00000000 00:00 0 
7f8250000000-7f825007f000 rw-p 00000000 00:00 0 
7f825007f000-7f8254000000 ---p 00000000 00:00 0 
7f8254000000-7f8254380000 rw-p 00000000 00:00 0 
7f8254380000-7f8258000000 ---p 00000000 00:00 0 
7f8258000000-7f8258021000 rw-p 00000000 00:00 0 
7f8258021000-7f825c000000 ---p 00000000 00:00 0 
7f825c000000-7f825c021000 rw-p 00000000 00:00 0 
7f825c021000-7f8260000000 ---p 00000000 00:00 0 
7f8260000000-7f8260021000 rw-p 00000000 00:00 0 
7f8260021000-7f8264000000 ---p 00000000 00:00 0 
7f8264000000-7f8264057000 rw-p 00000000 00:00 0 
7f8264057000-7f8268000000 ---p 00000000 00:00 0 
7f8268000000-7f82681ab000 rw-p 00000000 00:00 0 
7f82681ab000-7f826c000000 ---p 00000000 00:00 0 
7f826c9e4000-7f826c9e7000 ---p 00000000 00:00 0 
7f826c9e7000-7f826cae5000 rw-p 00000000 00:00 0 
7f826cae5000-7f826cae8000 ---p 00000000 00:00 0 
7f826cae8000-7f826cbe6000 rw-p 00000000 00:00 0 
7f826cbe6000-7f826cbe9000 ---p 00000000 00:00 0 
7f826cbe9000-7f826cce7000 rw-p 00000000 00:00 0 
7f826cce7000-7f826ccea000 ---p 00000000 00:00 0 
7f826ccea000-7f826cde8000 rw-p 00000000 00:00 0 
7f826cde8000-7f826cdeb000 ---p 00000000 00:00 0 
7f826cdeb000-7f826cee9000 rw-p 00000000 00:00 0 
7f826cee9000-7f826ceec000 ---p 00000000 00:00 0 
7f826ceec000-7f826cfea000 rw-p 00000000 00:00 0 
7f826cfea000-7f826cfed000 ---p 00000000 00:00 0 
7f826cfed000-7f826d0eb000 rw-p 00000000 00:00 0 
7f826d0eb000-7f826d0ee000 ---p 00000000 00:00 0 
7f826d0ee000-7f826d1ec000 rw-p 00000000 00:00 0 
7f826d1ec000-7f826d1ef000 ---p 00000000 00:00 0 
7f826d1ef000-7f826d2ed000 rw-p 00000000 00:00 0 
7f826d2ed000-7f826d2f0000 ---p 00000000 00:00 0 
7f826d2f0000-7f826d3ee000 rw-p 00000000 00:00 0 
7f826d3ee000-7f826d3f1000 ---p 00000000 00:00 0 
7f826d3f1000-7f826d4ef000 rw-p 00000000 00:00 0 
7f826d4ef000-7f826d4f2000 ---p 00000000 00:00 0 
7f826d4f2000-7f826d5f0000 rw-p 00000000 00:00 0 
7f826d5f0000-7f826d5f3000 ---p 00000000 00:00 0 
7f826d5f3000-7f826d6f1000 rw-p 00000000 00:00 0 
7f826d6f1000-7f826d6f4000 ---p 00000000 00:00 0 
7f826d6f4000-7f826d7f2000 rw-p 00000000 00:00 0 
7f826d7f2000-7f826d7f5000 ---p 00000000 00:00 0 
7f826d7f5000-7f826d8f3000 rw-p 00000000 00:00 0 
7f826d8f3000-7f826d8f6000 ---p 00000000 00:00 0 
7f826d8f6000-7f826d9f4000 rw-p 00000000 00:00 0 
7f826d9f4000-7f826d9f7000 ---p 00000000 00:00 0 
7f826d9f7000-7f826daf5000 rw-p 00000000 00:00 0 
7f826daf5000-7f826daf8000 ---p 00000000 00:00 0 
7f826daf8000-7f826dbf6000 rw-p 00000000 00:00 0 
7f826dbf6000-7f826dbf9000 ---p 00000000 00:00 0 
7f826dbf9000-7f826dcf7000 rw-p 00000000 00:00 0 
7f826dcf7000-7f826dcfa000 ---p 00000000 00:00 0 
7f826dcfa000-7f826df78000 rw-p 00000000 00:00 0 
7f826df78000-7f826dff8000 ---p 00000000 00:00 0 
7f826dff8000-7f826dffb000 ---p 00000000 00:00 0 
7f826dffb000-7f826e0f9000 rw-p 00000000 00:00 0 
7f826e0f9000-7f826e0fc000 ---p 00000000 00:00 0 
7f826e0fc000-7f826e1fa000 rw-p 00000000 00:00 0 
7f826e1fa000-7f826e1fd000 ---p 00000000 00:00 0 
7f826e1fd000-7f826e4fb000 rw-p 00000000 00:00 0 
7f826e4fb000-7f826e4fe000 ---p 00000000 00:00 0 
7f826e4fe000-7f826e5fc000 rw-p 00000000 00:00 0 
7f826e5fc000-7f826e5ff000 ---p 00000000 00:00 0 
7f826e5ff000-7f826e6fd000 rw-p 00000000 00:00 0 
7f826e6fd000-7f826e700000 ---p 00000000 00:00 0 
7f826e700000-7f826e9fe000 rw-p 00000000 00:00 0 
7f826e9fe000-7f826ebfe000 rw-p 00000000 00:00 0 
7f826ebfe000-7f826ec01000 ---p 00000000 00:00 0 
7f826ec01000-7f826ecff000 rw-p 00000000 00:00 0 
7f826ecff000-7f826ed02000 ---p 00000000 00:00 0 
7f826ed02000-7f826eff6000 rw-p 00000000 00:00 0 
7f826eff6000-7f826f000000 ---p 00000000 00:00 0 
7f826f000000-7f826f200000 rw-p 00000000 00:00 0 
7f826f200000-7f826f400000 rw-p 00000000 00:00 0 
7f826f400000-7f826f600000 rw-p 00000000 00:00 0 
7f826f600000-7f826f800000 rw-p 00000000 00:00 0 
7f826f800000-7f826fa00000 rw-p 00000000 00:00 0 
7f826fa00000-7f826fc00000 rw-p 00000000 00:00 0 
7f826fc00000-7f826fe00000 rw-p 00000000 00:00 0 
7f826fe00000-7f8270000000 rw-p 00000000 00:00 0 
7f8270000000-7f8270021000 rw-p 00000000 00:00 0 
7f8270021000-7f8274000000 ---p 00000000 00:00 0 
7f8274000000-7f8274d90000 rw-p 00000000 00:00 0 
7f8274d90000-7f8278000000 ---p 00000000 00:00 0 
7f8278000000-7f8278021000 rw-p 00000000 00:00 0 
7f8278021000-7f827c000000 ---p 00000000 00:00 0 
7f827c000000-7f827c021000 rw-p 00000000 00:00 0 
7f827c021000-7f8280000000 ---p 00000000 00:00 0 
7f8280000000-7f8280021000 rw-p 00000000 00:00 0 
7f8280021000-7f8284000000 ---p 00000000 00:00 0 
7f8284000000-7f8284021000 rw-p 00000000 00:00 0 
7f8284021000-7f8288000000 ---p 00000000 00:00 0 
7f8288000000-7f8288607000 rw-p 00000000 00:00 0 
7f8288607000-7f828c000000 ---p 00000000 00:00 0 
7f828c000000-7f828c021000 rw-p 00000000 00:00 0 
7f828c021000-7f8290000000 ---p 00000000 00:00 0 
7f8290000000-7f829004e000 rw-p 00000000 00:00 0 
7f829004e000-7f8294000000 ---p 00000000 00:00 0 
7f8294000000-7f8294021000 rw-p 00000000 00:00 0 
7f8294021000-7f8298000000 ---p 00000000 00:00 0 
7f8298000000-7f8298021000 rw-p 00000000 00:00 0 
7f8298021000-7f829c000000 ---p 00000000 00:00 0 
7f829c000000-7f829c021000 rw-p 00000000 00:00 0 
7f829c021000-7f82a0000000 ---p 00000000 00:00 0 
7f82a0000000-7f82a0021000 rw-p 00000000 00:00 0 
7f82a0021000-7f82a4000000 ---p 00000000 00:00 0 
7f82a4000000-7f82a4021000 rw-p 00000000 00:00 0 
7f82a4021000-7f82a8000000 ---p 00000000 00:00 0 
7f82a8000000-7f82a8021000 rw-p 00000000 00:00 0 
7f82a8021000-7f82ac000000 ---p 00000000 00:00 0 
7f82ac000000-7f82ac021000 rw-p 00000000 00:00 0 
7f82ac021000-7f82b0000000 ---p 00000000 00:00 0 
7f82b0000000-7f82b0021000 rw-p 00000000 00:00 0 
7f82b0021000-7f82b4000000 ---p 00000000 00:00 0 
7f82b4000000-7f82b42ca000 rw-p 00000000 00:00 0 
7f82b42ca000-7f82b8000000 ---p 00000000 00:00 0 
7f82b8000000-7f82b8021000 rw-p 00000000 00:00 0 
7f82b8021000-7f82bc000000 ---p 00000000 00:00 0 
7f82bc000000-7f82bc021000 rw-p 00000000 00:00 0 
7f82bc021000-7f82c0000000 ---p 00000000 00:00 0 
7f82c0000000-7f82c0021000 rw-p 00000000 00:00 0 
7f82c0021000-7f82c4000000 ---p 00000000 00:00 0 
7f82c4069000-7f82c406c000 ---p 00000000 00:00 0 
7f82c406c000-7f82c416a000 rw-p 00000000 00:00 0 
7f82c416a000-7f82c4180000 r-xp 00000000 08:01 528390                     /lib/x86_64-linux-gnu/libresolv-2.26.so
7f82c4180000-7f82c4380000 ---p 00016000 08:01 528390                     /lib/x86_64-linux-gnu/libresolv-2.26.so
7f82c4380000-7f82c4381000 r--p 00016000 08:01 528390                     /lib/x86_64-linux-gnu/libresolv-2.26.so
7f82c4381000-7f82c4382000 rw-p 00017000 08:01 528390                     /lib/x86_64-linux-gnu/libresolv-2.26.so
7f82c4382000-7f82c4384000 rw-p 00000000 00:00 0 
7f82c4384000-7f82c4389000 r-xp 00000000 08:01 528378                     /lib/x86_64-linux-gnu/libnss_dns-2.26.so
7f82c4389000-7f82c4589000 ---p 00005000 08:01 528378                     /lib/x86_64-linux-gnu/libnss_dns-2.26.so
7f82c4589000-7f82c458a000 r--p 00005000 08:01 528378                     /lib/x86_64-linux-gnu/libnss_dns-2.26.so
7f82c458a000-7f82c458b000 rw-p 00006000 08:01 528378                     /lib/x86_64-linux-gnu/libnss_dns-2.26.so
7f82c458b000-7f82c458d000 r-xp 00000000 08:01 529701                     /lib/x86_64-linux-gnu/libnss_mdns4_minimal.so.2
7f82c458d000-7f82c478c000 ---p 00002000 08:01 529701                     /lib/x86_64-linux-gnu/libnss_mdns4_minimal.so.2
7f82c478c000-7f82c478d000 r--p 00001000 08:01 529701                     /lib/x86_64-linux-gnu/libnss_mdns4_minimal.so.2
7f82c478d000-7f82c478e000 rw-p 00002000 08:01 529701                     /lib/x86_64-linux-gnu/libnss_mdns4_minimal.so.2
7f82c478f000-7f82c4794000 r--s 002f9000 08:07 524859                     /usr/local/jdk/jdk1.8.0_152/jre/lib/charsets.jar
7f82c4794000-7f82c4797000 r--s 0001a000 08:07 525091                     /usr/local/jdk/jdk1.8.0_152/jre/lib/jce.jar
7f82c4797000-7f82c47aa000 r--s 00345000 08:07 524899                     /usr/local/jdk/jdk1.8.0_152/jre/lib/resources.jar
7f82c47aa000-7f82c47ad000 ---p 00000000 00:00 0 
7f82c47ad000-7f82c48ab000 rw-p 00000000 00:00 0 
7f82c48ab000-7f82c48ae000 ---p 00000000 00:00 0 
7f82c48ae000-7f82c49ac000 rw-p 00000000 00:00 0 
7f82c49ac000-7f82c49af000 ---p 00000000 00:00 0 
7f82c49af000-7f82c4cad000 rw-p 00000000 00:00 0 
7f82c4cad000-7f82c4cc8000 r--s 001d4000 08:07 524925                     /usr/local/jdk/jdk1.8.0_152/jre/lib/ext/nashorn.jar
7f82c4cc8000-7f82c4ec8000 rw-p 00000000 00:00 0 
7f82c4ec8000-7f82c4ec9000 ---p 00000000 00:00 0 
7f82c4ec9000-7f82c4fc9000 rw-p 00000000 00:00 0 
7f82c4fc9000-7f82c4fcc000 ---p 00000000 00:00 0 
7f82c4fcc000-7f82c50ca000 rw-p 00000000 00:00 0 
7f82c50ca000-7f82c50cd000 ---p 00000000 00:00 0 
7f82c50cd000-7f82c51cb000 rw-p 00000000 00:00 0 
7f82c51cb000-7f82c51ce000 ---p 00000000 00:00 0 
7f82c51ce000-7f82c52cc000 rw-p 00000000 00:00 0 
7f82c52cc000-7f82c52d1000 r--s 0009a000 08:07 524918                     /usr/local/jdk/jdk1.8.0_152/jre/lib/jsse.jar
7f82c52d1000-7f82c52d2000 r--s 00003000 08:05 2240780                    /home/zbz/.m2/repository/org/springframework/spring-jcl/5.0.0.RC3/spring-jcl-5.0.0.RC3.jar
7f82c52d2000-7f82c52ea000 r--s 0010d000 08:05 2240778                    /home/zbz/.m2/repository/org/springframework/spring-core/5.0.0.RC3/spring-core-5.0.0.RC3.jar
7f82c52ea000-7f82c52ed000 r--s 0000b000 08:05 2373193                    /home/zbz/.m2/repository/org/objenesis/objenesis/2.5/objenesis-2.5.jar
7f82c52ed000-7f82c530f000 r--s 000f4000 08:05 2240809                    /home/zbz/.m2/repository/org/springframework/boot/spring-boot-autoconfigure/2.0.0.M3/spring-boot-autoconfigure-2.0.0.M3.jar
7f82c530f000-7f82c5321000 r--s 000ac000 08:05 2240807                    /home/zbz/.m2/repository/org/springframework/boot/spring-boot/2.0.0.M3/spring-boot-2.0.0.M3.jar
7f82c5321000-7f82c5327000 r--s 0002c000 08:05 2632714                    /home/zbz/.m2/repository/org/springframework/boot/spring-boot-devtools/2.0.0.M3/spring-boot-devtools-2.0.0.M3.jar
7f82c5327000-7f82c5341000 r--s 000eb000 08:05 2240772                    /home/zbz/.m2/repository/org/springframework/spring-context/5.0.0.RC3/spring-context-5.0.0.RC3.jar
7f82c5341000-7f82c5350000 r--s 0006f000 08:05 2632712                    /home/zbz/.m2/repository/org/springframework/boot/spring-boot-actuator/2.0.0.M3/spring-boot-actuator-2.0.0.M3.jar
7f82c5350000-7f82c5351000 r--s 00000000 08:05 2240805                    /home/zbz/.m2/repository/org/springframework/boot/spring-boot-starter/2.0.0.M3/spring-boot-starter-2.0.0.M3.jar
7f82c5351000-7f82c5352000 r--s 00000000 08:05 2501607                    /home/zbz/.m2/repository/org/springframework/boot/spring-boot-starter-actuator/2.0.0.M3/spring-boot-starter-actuator-2.0.0.M3.jar
7f82c5352000-7f82c5354000 r--s 00009000 08:05 2240113                    /home/zbz/.m2/repository/org/slf4j/slf4j-api/1.7.25/slf4j-api-1.7.25.jar
7f82c5354000-7f82c5356000 r--s 00003000 08:05 2240238                    /home/zbz/.m2/repository/org/slf4j/jcl-over-slf4j/1.7.25/jcl-over-slf4j-1.7.25.jar
7f82c5356000-7f82c5358000 r--s 00000000 08:05 2240362                    /home/zbz/.m2/repository/org/slf4j/jul-to-slf4j/1.7.25/jul-to-slf4j-1.7.25.jar
7f82c5358000-7f82c5374000 r--s 0013c000 08:05 1844050                    /home/zbz/.m2/repository/org/apache/logging/log4j/log4j-core/2.8.2/log4j-core-2.8.2.jar
7f82c5374000-7f82c5379000 r--s 00033000 08:05 1844053                    /home/zbz/.m2/repository/org/apache/logging/log4j/log4j-api/2.8.2/log4j-api-2.8.2.jar
7f82c5379000-7f82c537a000 r--s 00005000 08:05 1844055                    /home/zbz/.m2/repository/org/apache/logging/log4j/log4j-slf4j-impl/2.8.2/log4j-slf4j-impl-2.8.2.jar
7f82c537a000-7f82c537b000 r--s 00000000 08:05 2240823                    /home/zbz/.m2/repository/org/springframework/boot/spring-boot-starter-log4j2/2.0.0.M3/spring-boot-starter-log4j2-2.0.0.M3.jar
7f82c537b000-7f82c537e000 r--s 00017000 08:05 2759196                    /home/zbz/.m2/repository/org/springframework/integration/spring-integration-amqp/5.0.0.M6/spring-integration-amqp-5.0.0.M6.jar
7f82c537e000-7f82c5380000 r--s 0000b000 08:05 2633993                    /home/zbz/.m2/repository/com/rabbitmq/http-client/1.2.0.RELEASE/http-client-1.2.0.RELEASE.jar
7f82c5380000-7f82c538b000 r--s 0006d000 08:05 2233787                    /home/zbz/.m2/repository/com/rabbitmq/amqp-client/4.2.0/amqp-client-4.2.0.jar
7f82c538b000-7f82c538f000 r--s 0001b000 08:05 2633991                    /home/zbz/.m2/repository/org/springframework/amqp/spring-amqp/2.0.0.M5/spring-amqp-2.0.0.M5.jar
7f82c538f000-7f82c5396000 r--s 00061000 08:05 2633989                    /home/zbz/.m2/repository/org/springframework/amqp/spring-rabbit/2.0.0.M5/spring-rabbit-2.0.0.M5.jar
7f82c5396000-7f82c5397000 r--s 00000000 08:05 2633987                    /home/zbz/.m2/repository/org/springframework/boot/spring-boot-starter-amqp/2.0.0.M3/spring-boot-starter-amqp-2.0.0.M3.jar
7f82c5397000-7f82c5398000 r--s 00001000 08:05 2500564                    /home/zbz/.m2/repository/com/esotericsoftware/minlog/1.3.0/minlog-1.3.0.jar
7f82c5398000-7f82c539f000 r--s 00051000 08:05 2500498                    /home/zbz/.m2/repository/com/esotericsoftware/kryo-shaded/3.0.3/kryo-shaded-3.0.3.jar
7f82c539f000-7f82c53a1000 r--s 00000000 08:05 2500459                    /home/zbz/.m2/repository/org/springframework/cloud/spring-cloud-stream-codec/2.0.0.M1/spring-cloud-stream-codec-2.0.0.M1.jar
7f82c53a1000-7f82c53a2000 r--s 00006000 08:05 2500480                    /home/zbz/.m2/repository/org/springframework/cloud/spring-cloud-stream-binder-rabbit-core/2.0.0.M1/spring-cloud-stream-binder-rabbit-core-2.0.0.M1.jar
7f82c53a2000-7f82c53a3000 r--s 00004000 08:05 2500478                    /home/zbz/.m2/repository/org/springframework/cloud/spring-cloud-stream-binder-rabbit/2.0.0.M1/spring-cloud-stream-binder-rabbit-2.0.0.M1.jar
7f82c53a3000-7f82c53a4000 r--s 00000000 08:05 2500432                    /home/zbz/.m2/repository/org/springframework/cloud/spring-cloud-starter-stream-rabbit/2.0.0.M1/spring-cloud-starter-stream-rabbit-2.0.0.M1.jar
7f82c53a4000-7f82c53a5000 r--s 00000000 08:05 1710613                    /home/zbz/.m2/repository/org/reactivestreams/reactive-streams/1.0.0/reactive-streams-1.0.0.jar
7f82c53a5000-7f82c53b7000 r--s 00116000 08:05 2364424                    /home/zbz/.m2/repository/io/projectreactor/reactor-core/3.1.0.M3/reactor-core-3.1.0.M3.jar
7f82c53b7000-7f82c53bf000 r--s 00035000 08:05 2373094                    /home/zbz/.m2/repository/org/springframework/spring-tx/5.0.0.RC3/spring-tx-5.0.0.RC3.jar
7f82c53bf000-7f82c53d8000 r--s 0010f000 08:05 2759182                    /home/zbz/.m2/repository/org/springframework/integration/spring-integration-core/5.0.0.M6/spring-integration-core-5.0.0.M6.jar
7f82c53d8000-7f82c53dd000 r--s 0001b000 08:05 2500453                    /home/zbz/.m2/repository/org/springframework/retry/spring-retry/1.2.1.RELEASE/spring-retry-1.2.1.RELEASE.jar
7f82c53dd000-7f82c53de000 r--s 00001000 08:05 2759114                    /home/zbz/.m2/repository/org/springframework/integration/spring-integration-tuple/1.0.0.RELEASE/spring-integration-tuple-1.0.0.RELEASE.jar
7f82c53de000-7f82c53e0000 r--s 00006000 08:05 2500447                    /home/zbz/.m2/repository/org/springframework/spring-tuple/1.0.0.RELEASE/spring-tuple-1.0.0.RELEASE.jar
7f82c53e0000-7f82c53e2000 r--s 0000d000 08:05 2759179                    /home/zbz/.m2/repository/org/springframework/integration/spring-integration-jmx/5.0.0.M6/spring-integration-jmx-5.0.0.M6.jar
7f82c53e2000-7f82c53ea000 r--s 00052000 08:05 2627795                    /home/zbz/.m2/repository/org/springframework/spring-messaging/5.0.0.RC3/spring-messaging-5.0.0.RC3.jar
7f82c53ea000-7f82c53eb000 r--s 00000000 08:05 2627794                    /home/zbz/.m2/repository/org/springframework/boot/spring-boot-starter-validation/2.0.0.M3/spring-boot-starter-validation-2.0.0.M3.jar
7f82c53eb000-7f82c53f1000 r--s 00029000 08:05 2500410                    /home/zbz/.m2/repository/org/springframework/cloud/spring-cloud-stream/2.0.0.M1/spring-cloud-stream-2.0.0.M1.jar
7f82c53f1000-7f82c53f3000 r--s 00009000 08:05 2498619                    /home/zbz/.m2/repository/org/springframework/cloud/spring-cloud-bus/2.0.0.M1/spring-cloud-bus-2.0.0.M1.jar
7f82c53f3000-7f82c53f5000 r--s 00004000 08:05 2498599                    /home/zbz/.m2/repository/org/springframework/cloud/spring-cloud-config-monitor/2.0.0.M2/spring-cloud-config-monitor-2.0.0.M2.jar
7f82c53f5000-7f82c53fc000 r--s 0003f000 08:05 1844445                    /home/zbz/.m2/repository/org/yaml/snakeyaml/1.18/snakeyaml-1.18.jar
7f82c53fc000-7f82c5403000 r--s 0003f000 08:05 2492630                    /home/zbz/.m2/repository/commons-codec/commons-codec/1.10/commons-codec-1.10.jar
7f82c5403000-7f82c540b000 r--s 00048000 08:05 2373169                    /home/zbz/.m2/repository/org/apache/httpcomponents/httpcore/4.4.6/httpcore-4.4.6.jar
7f82c540b000-7f82c5418000 r--s 000aa000 08:05 2372717                    /home/zbz/.m2/repository/org/apache/httpcomponents/httpclient/4.5.3/httpclient-4.5.3.jar
7f82c5418000-7f82c541c000 r--s 00025000 08:05 2498617                    /home/zbz/.m2/repository/com/googlecode/javaewah/JavaEWAH/1.1.6/JavaEWAH-1.1.6.jar
7f82c541c000-7f82c5421000 r--s 00040000 08:05 2498602                    /home/zbz/.m2/repository/com/jcraft/jsch/0.1.53/jsch-0.1.53.jar
7f82c5421000-7f82c5445000 r--s 00229000 08:05 2498601                    /home/zbz/.m2/repository/org/eclipse/jgit/org.eclipse.jgit/4.6.0.201612231935-r/org.eclipse.jgit-4.6.0.201612231935-r.jar
7f82c5445000-7f82c5490000 r--s 002ff000 08:05 2500903                    /home/zbz/.m2/repository/org/bouncycastle/bcprov-jdk15on/1.56/bcprov-jdk15on-1.56.jar
7f82c5490000-7f82c54a1000 r--s 00097000 08:05 2632182                    /home/zbz/.m2/repository/org/bouncycastle/bcpkix-jdk15on/1.56/bcpkix-jdk15on-1.56.jar
7f82c54a1000-7f82c54a2000 r--s 00004000 08:05 2764529                    /home/zbz/.m2/repository/org/springframework/security/spring-security-rsa/1.0.5.RELEASE/spring-security-rsa-1.0.5.RELEASE.jar
7f82c54a2000-7f82c54a4000 r--s 0000c000 08:05 2764517                    /home/zbz/.m2/repository/org/springframework/security/spring-security-crypto/5.0.0.M3/spring-security-crypto-5.0.0.M3.jar
7f82c54a4000-7f82c54a9000 r--s 0003c000 08:05 2240782                    /home/zbz/.m2/repository/org/springframework/spring-expression/5.0.0.RC3/spring-expression-5.0.0.RC3.jar
7f82c54a9000-7f82c54b2000 r--s 0004f000 08:05 2240774                    /home/zbz/.m2/repository/org/springframework/spring-aop/5.0.0.RC3/spring-aop-5.0.0.RC3.jar
7f82c54b2000-7f82c54c2000 r--s 000af000 08:05 2373189                    /home/zbz/.m2/repository/org/springframework/spring-webmvc/5.0.0.RC3/spring-webmvc-5.0.0.RC3.jar
7f82c54c2000-7f82c54c4000 r--s 0000e000 08:05 1587324                    /home/zbz/.m2/repository/com/fasterxml/classmate/1.3.3/classmate-1.3.3.jar
7f82c54c4000-7f82c54c7000 r--s 0000e000 08:05 2632602                    /home/zbz/.m2/repository/org/jboss/logging/jboss-logging/3.3.1.Final/jboss-logging-3.3.1.Final.jar
7f82c54c7000-7f82c54cb000 r--s 0000c000 08:05 2492662                    /home/zbz/.m2/repository/javax/validation/validation-api/1.1.0.Final/validation-api-1.1.0.Final.jar
7f82c54cb000-7f82c54dd000 r--s 000a9000 08:05 2373185                    /home/zbz/.m2/repository/org/hibernate/hibernate-validator/5.4.1.Final/hibernate-validator-5.4.1.Final.jar
7f82c54dd000-7f82c54e3000 r--s 00037000 08:05 2373183                    /home/zbz/.m2/repository/org/apache/tomcat/embed/tomcat-embed-websocket/8.5.16/tomcat-embed-websocket-8.5.16.jar
7f82c54e3000-7f82c54e8000 r--s 00036000 08:05 2373181                    /home/zbz/.m2/repository/org/apache/tomcat/embed/tomcat-embed-el/8.5.16/tomcat-embed-el-8.5.16.jar
7f82c54e8000-7f82c5511000 r--s 002c2000 08:05 2373179                    /home/zbz/.m2/repository/org/apache/tomcat/embed/tomcat-embed-core/8.5.16/tomcat-embed-core-8.5.16.jar
7f82c5511000-7f82c5513000 r--s 00009000 08:05 1983567                    /home/zbz/.m2/repository/com/fasterxml/jackson/module/jackson-module-kotlin/2.9.0.pr4/jackson-module-kotlin-2.9.0.pr4.jar
7f82c5513000-7f82c5515000 r--s 00001000 08:05 1983563                    /home/zbz/.m2/repository/com/fasterxml/jackson/module/jackson-module-parameter-names/2.9.0.pr4/jackson-module-parameter-names-2.9.0.pr4.jar
7f82c5515000-7f82c5518000 r--s 00014000 08:05 1844894                    /home/zbz/.m2/repository/com/fasterxml/jackson/datatype/jackson-datatype-jsr310/2.9.0.pr4/jackson-datatype-jsr310-2.9.0.pr4.jar
7f82c5518000-7f82c552a000 r--s 00132000 08:05 2240879                    /home/zbz/.m2/repository/com/fasterxml/jackson/core/jackson-databind/2.9.0.pr4/jackson-databind-2.9.0.pr4.jar
7f82c552a000-7f82c5544000 r--s 0010d000 08:05 2373187                    /home/zbz/.m2/repository/org/springframework/spring-web/5.0.0.RC3/spring-web-5.0.0.RC3.jar
7f82c5544000-7f82c55d9000 r--s 01113000 08:07 524923                     /usr/local/jdk/jdk1.8.0_152/jre/lib/ext/jfxrt.jar
7f82c55d9000-7f82c55ea000 r-xp 00000000 08:07 525078                     /usr/local/jdk/jdk1.8.0_152/jre/lib/amd64/libnio.so
7f82c55ea000-7f82c57e9000 ---p 00011000 08:07 525078                     /usr/local/jdk/jdk1.8.0_152/jre/lib/amd64/libnio.so
7f82c57e9000-7f82c57ea000 rw-p 00010000 08:07 525078                     /usr/local/jdk/jdk1.8.0_152/jre/lib/amd64/libnio.so
7f82c57ea000-7f82c581b000 rw-p 00000000 00:00 0 
7f82c581b000-7f82c5831000 r-xp 00000000 08:07 525075                     /usr/local/jdk/jdk1.8.0_152/jre/lib/amd64/libnet.so
7f82c5831000-7f82c5a31000 ---p 00016000 08:07 525075                     /usr/local/jdk/jdk1.8.0_152/jre/lib/amd64/libnet.so
7f82c5a31000-7f82c5a32000 rw-p 00016000 08:07 525075                     /usr/local/jdk/jdk1.8.0_152/jre/lib/amd64/libnet.so
7f82c5a32000-7f82c5a3b000 r-xp 00000000 08:07 525083                     /usr/local/jdk/jdk1.8.0_152/jre/lib/amd64/libmanagement.so
7f82c5a3b000-7f82c5c3a000 ---p 00009000 08:07 525083                     /usr/local/jdk/jdk1.8.0_152/jre/lib/amd64/libmanagement.so
7f82c5c3a000-7f82c5c3b000 rw-p 00008000 08:07 525083                     /usr/local/jdk/jdk1.8.0_152/jre/lib/amd64/libmanagement.so
7f82c5c3b000-7f82c5c3e000 ---p 00000000 00:00 0 
7f82c5c3e000-7f82c5d3c000 rw-p 00000000 00:00 0 
7f82c5d3c000-7f82c5d3f000 ---p 00000000 00:00 0 
7f82c5d3f000-7f82c5e3d000 rw-p 00000000 00:00 0 
7f82c5e3d000-7f82c5e40000 ---p 00000000 00:00 0 
7f82c5e40000-7f82c5f3e000 rw-p 00000000 00:00 0 
7f82c5f3e000-7f82c5f41000 ---p 00000000 00:00 0 
7f82c5f41000-7f82c603f000 rw-p 00000000 00:00 0 
7f82c603f000-7f82c6042000 ---p 00000000 00:00 0 
7f82c6042000-7f82c6140000 rw-p 00000000 00:00 0 
7f82c6140000-7f82c6143000 ---p 00000000 00:00 0 
7f82c6143000-7f82c6241000 rw-p 00000000 00:00 0 
7f82c6241000-7f82c6244000 ---p 00000000 00:00 0 
7f82c6244000-7f82c6342000 rw-p 00000000 00:00 0 
7f82c6342000-7f82c6346000 r-xp 00000000 08:07 525039                     /usr/local/jdk/jdk1.8.0_152/jre/lib/amd64/libdt_socket.so
7f82c6346000-7f82c6545000 ---p 00004000 08:07 525039                     /usr/local/jdk/jdk1.8.0_152/jre/lib/amd64/libdt_socket.so
7f82c6545000-7f82c6546000 rw-p 00003000 08:07 525039                     /usr/local/jdk/jdk1.8.0_152/jre/lib/amd64/libdt_socket.so
7f82c6546000-7f82c6549000 ---p 00000000 00:00 0 
7f82c6549000-7f82c6647000 rw-p 00000000 00:00 0 
7f82c6647000-7f82c664a000 ---p 00000000 00:00 0 
7f82c664a000-7f82c6748000 rw-p 00000000 00:00 0 
7f82c6748000-7f82c674b000 ---p 00000000 00:00 0 
7f82c674b000-7f82c6849000 rw-p 00000000 00:00 0 
7f82c6849000-7f82c684a000 ---p 00000000 00:00 0 
7f82c684a000-7f82c78dd000 rw-p 00000000 00:00 0 
7f82c78dd000-7f82c7ab7000 r--s 03d5f000 08:07 524861                     /usr/local/jdk/jdk1.8.0_152/jre/lib/rt.jar
7f82c7ab7000-7f82cc210000 rw-p 00000000 00:00 0 
7f82cc210000-7f82cc211000 ---p 00000000 00:00 0 
7f82cc211000-7f82cc311000 rw-p 00000000 00:00 0 
7f82cc311000-7f82cc312000 ---p 00000000 00:00 0 
7f82cc312000-7f82cc412000 rw-p 00000000 00:00 0 
7f82cc412000-7f82cc413000 ---p 00000000 00:00 0 
7f82cc413000-7f82cc513000 rw-p 00000000 00:00 0 
7f82cc513000-7f82cc514000 ---p 00000000 00:00 0 
7f82cc514000-7f82cc640000 rw-p 00000000 00:00 0 
7f82cc640000-7f82cc88c000 ---p 00000000 00:00 0 
7f82cc88c000-7f82cc8b8000 rw-p 00000000 00:00 0 
7f82cc8b8000-7f82ccb03000 ---p 00000000 00:00 0 
7f82ccb03000-7f82ccbb7000 rw-p 00000000 00:00 0 
7f82ccbb7000-7f82ccc3f000 ---p 00000000 00:00 0 
7f82ccc3f000-7f82ccc6b000 rw-p 00000000 00:00 0 
7f82ccc6b000-7f82cd000000 ---p 00000000 00:00 0 
7f82cd000000-7f82cdaa0000 rwxp 00000000 00:00 0 
7f82cdaa0000-7f82dc000000 ---p 00000000 00:00 0 
7f82dc000000-7f82dc951000 rw-p 00000000 00:00 0 
7f82dc951000-7f82e0000000 ---p 00000000 00:00 0 
7f82e0000000-7f82e0002000 r--s 00005000 08:05 1844892                    /home/zbz/.m2/repository/com/fasterxml/jackson/datatype/jackson-datatype-jdk8/2.9.0.pr4/jackson-datatype-jdk8-2.9.0.pr4.jar
7f82e0002000-7f82e0051000 rw-p 00000000 00:00 0 
7f82e0051000-7f82e006c000 r-xp 00000000 08:07 525071                     /usr/local/jdk/jdk1.8.0_152/jre/lib/amd64/libzip.so
7f82e006c000-7f82e026c000 ---p 0001b000 08:07 525071                     /usr/local/jdk/jdk1.8.0_152/jre/lib/amd64/libzip.so
7f82e026c000-7f82e026d000 rw-p 0001b000 08:07 525071                     /usr/local/jdk/jdk1.8.0_152/jre/lib/amd64/libzip.so
7f82e026d000-7f82e0278000 r-xp 00000000 08:01 528380                     /lib/x86_64-linux-gnu/libnss_files-2.26.so
7f82e0278000-7f82e0477000 ---p 0000b000 08:01 528380                     /lib/x86_64-linux-gnu/libnss_files-2.26.so
7f82e0477000-7f82e0478000 r--p 0000a000 08:01 528380                     /lib/x86_64-linux-gnu/libnss_files-2.26.so
7f82e0478000-7f82e0479000 rw-p 0000b000 08:01 528380                     /lib/x86_64-linux-gnu/libnss_files-2.26.so
7f82e0479000-7f82e047f000 rw-p 00000000 00:00 0 
7f82e047f000-7f82e048a000 r-xp 00000000 08:01 528384                     /lib/x86_64-linux-gnu/libnss_nis-2.26.so
7f82e048a000-7f82e0689000 ---p 0000b000 08:01 528384                     /lib/x86_64-linux-gnu/libnss_nis-2.26.so
7f82e0689000-7f82e068a000 r--p 0000a000 08:01 528384                     /lib/x86_64-linux-gnu/libnss_nis-2.26.so
7f82e068a000-7f82e068b000 rw-p 0000b000 08:01 528384                     /lib/x86_64-linux-gnu/libnss_nis-2.26.so
7f82e068b000-7f82e06a2000 r-xp 00000000 08:01 528374                     /lib/x86_64-linux-gnu/libnsl-2.26.so
7f82e06a2000-7f82e08a1000 ---p 00017000 08:01 528374                     /lib/x86_64-linux-gnu/libnsl-2.26.so
7f82e08a1000-7f82e08a2000 r--p 00016000 08:01 528374                     /lib/x86_64-linux-gnu/libnsl-2.26.so
7f82e08a2000-7f82e08a3000 rw-p 00017000 08:01 528374                     /lib/x86_64-linux-gnu/libnsl-2.26.so
7f82e08a3000-7f82e08a5000 rw-p 00000000 00:00 0 
7f82e08a5000-7f82e08ad000 r-xp 00000000 08:01 528376                     /lib/x86_64-linux-gnu/libnss_compat-2.26.so
7f82e08ad000-7f82e0aac000 ---p 00008000 08:01 528376                     /lib/x86_64-linux-gnu/libnss_compat-2.26.so
7f82e0aac000-7f82e0aad000 r--p 00007000 08:01 528376                     /lib/x86_64-linux-gnu/libnss_compat-2.26.so
7f82e0aad000-7f82e0aae000 rw-p 00008000 08:01 528376                     /lib/x86_64-linux-gnu/libnss_compat-2.26.so
7f82e0aae000-7f82e0f40000 r--p 00000000 08:01 147755                     /usr/lib/locale/locale-archive
7f82e0f40000-7f82e0f42000 r-xp 00000000 08:07 525041                     /usr/local/jdk/jdk1.8.0_152/jre/lib/amd64/libnpt.so
7f82e0f42000-7f82e1142000 ---p 00002000 08:07 525041                     /usr/local/jdk/jdk1.8.0_152/jre/lib/amd64/libnpt.so
7f82e1142000-7f82e1143000 rw-p 00002000 08:07 525041                     /usr/local/jdk/jdk1.8.0_152/jre/lib/amd64/libnpt.so
7f82e1143000-7f82e117d000 r-xp 00000000 08:07 525059                     /usr/local/jdk/jdk1.8.0_152/jre/lib/amd64/libjdwp.so
7f82e117d000-7f82e137c000 ---p 0003a000 08:07 525059                     /usr/local/jdk/jdk1.8.0_152/jre/lib/amd64/libjdwp.so
7f82e137c000-7f82e137d000 rw-p 00039000 08:07 525059                     /usr/local/jdk/jdk1.8.0_152/jre/lib/amd64/libjdwp.so
7f82e137d000-7f82e137e000 rw-p 00000000 00:00 0 
7f82e137e000-7f82e13a9000 r-xp 00000000 08:07 525065                     /usr/local/jdk/jdk1.8.0_152/jre/lib/amd64/libjava.so
7f82e13a9000-7f82e15a8000 ---p 0002b000 08:07 525065                     /usr/local/jdk/jdk1.8.0_152/jre/lib/amd64/libjava.so
7f82e15a8000-7f82e15aa000 rw-p 0002a000 08:07 525065                     /usr/local/jdk/jdk1.8.0_152/jre/lib/amd64/libjava.so
7f82e15aa000-7f82e15b7000 r-xp 00000000 08:07 525070                     /usr/local/jdk/jdk1.8.0_152/jre/lib/amd64/libverify.so
7f82e15b7000-7f82e17b7000 ---p 0000d000 08:07 525070                     /usr/local/jdk/jdk1.8.0_152/jre/lib/amd64/libverify.so
7f82e17b7000-7f82e17b9000 rw-p 0000d000 08:07 525070                     /usr/local/jdk/jdk1.8.0_152/jre/lib/amd64/libverify.so
7f82e17b9000-7f82e17c0000 r-xp 00000000 08:01 528391                     /lib/x86_64-linux-gnu/librt-2.26.so
7f82e17c0000-7f82e19bf000 ---p 00007000 08:01 528391                     /lib/x86_64-linux-gnu/librt-2.26.so
7f82e19bf000-7f82e19c0000 r--p 00006000 08:01 528391                     /lib/x86_64-linux-gnu/librt-2.26.so
7f82e19c0000-7f82e19c1000 rw-p 00007000 08:01 528391                     /lib/x86_64-linux-gnu/librt-2.26.so
7f82e19c1000-7f82e1b16000 r-xp 00000000 08:01 528368                     /lib/x86_64-linux-gnu/libm-2.26.so
7f82e1b16000-7f82e1d15000 ---p 00155000 08:01 528368                     /lib/x86_64-linux-gnu/libm-2.26.so
7f82e1d15000-7f82e1d16000 r--p 00154000 08:01 528368                     /lib/x86_64-linux-gnu/libm-2.26.so
7f82e1d16000-7f82e1d17000 rw-p 00155000 08:01 528368                     /lib/x86_64-linux-gnu/libm-2.26.so
7f82e1d17000-7f82e29ef000 r-xp 00000000 08:07 525048                     /usr/local/jdk/jdk1.8.0_152/jre/lib/amd64/server/libjvm.so
7f82e29ef000-7f82e2bee000 ---p 00cd8000 08:07 525048                     /usr/local/jdk/jdk1.8.0_152/jre/lib/amd64/server/libjvm.so
7f82e2bee000-7f82e2cc8000 rw-p 00cd7000 08:07 525048                     /usr/local/jdk/jdk1.8.0_152/jre/lib/amd64/server/libjvm.so
7f82e2cc8000-7f82e2d13000 rw-p 00000000 00:00 0 
7f82e2d13000-7f82e2ee9000 r-xp 00000000 08:01 528360                     /lib/x86_64-linux-gnu/libc-2.26.so
7f82e2ee9000-7f82e30e9000 ---p 001d6000 08:01 528360                     /lib/x86_64-linux-gnu/libc-2.26.so
7f82e30e9000-7f82e30ed000 r--p 001d6000 08:01 528360                     /lib/x86_64-linux-gnu/libc-2.26.so
7f82e30ed000-7f82e30ef000 rw-p 001da000 08:01 528360                     /lib/x86_64-linux-gnu/libc-2.26.so
7f82e30ef000-7f82e30f3000 rw-p 00000000 00:00 0 
7f82e30f3000-7f82e30f6000 r-xp 00000000 08:01 528366                     /lib/x86_64-linux-gnu/libdl-2.26.so
7f82e30f6000-7f82e32f5000 ---p 00003000 08:01 528366                     /lib/x86_64-linux-gnu/libdl-2.26.so
7f82e32f5000-7f82e32f6000 r--p 00002000 08:01 528366                     /lib/x86_64-linux-gnu/libdl-2.26.so
7f82e32f6000-7f82e32f7000 rw-p 00003000 08:01 528366                     /lib/x86_64-linux-gnu/libdl-2.26.so
7f82e32f7000-7f82e330d000 r-xp 00000000 08:07 524676                     /usr/local/jdk/jdk1.8.0_152/lib/amd64/jli/libjli.so
7f82e330d000-7f82e350c000 ---p 00016000 08:07 524676                     /usr/local/jdk/jdk1.8.0_152/lib/amd64/jli/libjli.so
7f82e350c000-7f82e350d000 rw-p 00015000 08:07 524676                     /usr/local/jdk/jdk1.8.0_152/lib/amd64/jli/libjli.so
7f82e350d000-7f82e3527000 r-xp 00000000 08:01 528389                     /lib/x86_64-linux-gnu/libpthread-2.26.so
7f82e3527000-7f82e3726000 ---p 0001a000 08:01 528389                     /lib/x86_64-linux-gnu/libpthread-2.26.so
7f82e3726000-7f82e3727000 r--p 00019000 08:01 528389                     /lib/x86_64-linux-gnu/libpthread-2.26.so
7f82e3727000-7f82e3728000 rw-p 0001a000 08:01 528389                     /lib/x86_64-linux-gnu/libpthread-2.26.so
7f82e3728000-7f82e372c000 rw-p 00000000 00:00 0 
7f82e372c000-7f82e3753000 r-xp 00000000 08:01 523819                     /lib/x86_64-linux-gnu/ld-2.26.so
7f82e3753000-7f82e3754000 r--s 00000000 08:05 2240885                    /home/zbz/.m2/repository/org/springframework/boot/spring-boot-starter-tomcat/2.0.0.M3/spring-boot-starter-tomcat-2.0.0.M3.jar
7f82e3754000-7f82e3755000 r--s 00000000 08:05 2240883                    /home/zbz/.m2/repository/org/springframework/boot/spring-boot-starter-json/2.0.0.M3/spring-boot-starter-json-2.0.0.M3.jar
7f82e3755000-7f82e3759000 r--s 0004a000 08:05 2240873                    /home/zbz/.m2/repository/com/fasterxml/jackson/core/jackson-core/2.9.0.pr4/jackson-core-2.9.0.pr4.jar
7f82e3759000-7f82e375c000 r--s 0000e000 08:05 2240871                    /home/zbz/.m2/repository/com/fasterxml/jackson/core/jackson-annotations/2.9.0.pr4/jackson-annotations-2.9.0.pr4.jar
7f82e375c000-7f82e3768000 r--s 00094000 08:05 2240776                    /home/zbz/.m2/repository/org/springframework/spring-beans/5.0.0.RC3/spring-beans-5.0.0.RC3.jar
7f82e3768000-7f82e3831000 rw-p 00000000 00:00 0 
7f82e3831000-7f82e3834000 ---p 00000000 00:00 0 
7f82e3834000-7f82e3934000 rw-p 00000000 00:00 0 
7f82e3934000-7f82e3935000 r--s 00000000 08:05 2632716                    /home/zbz/.m2/repository/org/springframework/boot/spring-boot-starter-web/2.0.0.M3/spring-boot-starter-web-2.0.0.M3.jar
7f82e3935000-7f82e3939000 r--s 00015000 08:05 2496868                    /home/zbz/.m2/repository/org/springframework/cloud/spring-cloud-context/2.0.0.M2/spring-cloud-context-2.0.0.M2.jar
7f82e3939000-7f82e393f000 r--s 00019000 08:05 2627526                    /home/zbz/.m2/repository/org/springframework/cloud/spring-cloud-commons/2.0.0.M2/spring-cloud-commons-2.0.0.M2.jar
7f82e393f000-7f82e3941000 r--s 00007000 08:05 2497001                    /home/zbz/.m2/repository/org/springframework/cloud/spring-cloud-config-client/2.0.0.M2/spring-cloud-config-client-2.0.0.M2.jar
7f82e3941000-7f82e3946000 r--s 00021000 08:05 2372023                    /home/zbz/.m2/repository/org/springframework/cloud/spring-cloud-config-server/2.0.0.M2/spring-cloud-config-server-2.0.0.M2.jar
7f82e3946000-7f82e394e000 rw-s 00000000 08:01 91                         /tmp/hsperfdata_zbz/14617
7f82e394e000-7f82e394f000 rw-p 00000000 00:00 0 
7f82e394f000-7f82e3950000 ---p 00000000 00:00 0 
7f82e3950000-7f82e3953000 rw-p 00000000 00:00 0 
7f82e3953000-7f82e3954000 r--p 00027000 08:01 523819                     /lib/x86_64-linux-gnu/ld-2.26.so
7f82e3954000-7f82e3955000 rw-p 00028000 08:01 523819                     /lib/x86_64-linux-gnu/ld-2.26.so
7f82e3955000-7f82e3956000 rw-p 00000000 00:00 0 
7ffd6582a000-7ffd6584d000 rw-p 00000000 00:00 0                          [stack]
7ffd6586d000-7ffd65870000 r--p 00000000 00:00 0                          [vvar]
7ffd65870000-7ffd65872000 r-xp 00000000 00:00 0                          [vdso]
ffffffffff600000-ffffffffff601000 r-xp 00000000 00:00 0                  [vsyscall]

VM Arguments:
jvm_args: -agentlib:jdwp=transport=dt_socket,suspend=y,address=localhost:44907 -Dcom.sun.management.jmxremote -Dcom.sun.management.jmxremote.port=43589 -Dcom.sun.management.jmxremote.authenticate=false -Dcom.sun.management.jmxremote.ssl=false -Djava.rmi.server.hostname=localhost -Dspring.application.admin.enabled=true -Djava.security.egd=file:/dev/./urandom -Xverify:none -XX:TieredStopAtLevel=1 -Dfile.encoding=UTF-8 
java_command: rebue.scx.config.server.ConfigServerApplication
java_class_path (initial): /usr/local/jdk/jdk1.8.0_152/jre/lib/resources.jar:/usr/local/jdk/jdk1.8.0_152/jre/lib/rt.jar:/usr/local/jdk/jdk1.8.0_152/jre/lib/jsse.jar:/usr/local/jdk/jdk1.8.0_152/jre/lib/jce.jar:/usr/local/jdk/jdk1.8.0_152/jre/lib/charsets.jar:/usr/local/jdk/jdk1.8.0_152/jre/lib/jfr.jar:/usr/local/jdk/jdk1.8.0_152/jre/lib/ext/localedata.jar:/usr/local/jdk/jdk1.8.0_152/jre/lib/ext/dnsns.jar:/usr/local/jdk/jdk1.8.0_152/jre/lib/ext/sunec.jar:/usr/local/jdk/jdk1.8.0_152/jre/lib/ext/sunjce_provider.jar:/usr/local/jdk/jdk1.8.0_152/jre/lib/ext/sunpkcs11.jar:/usr/local/jdk/jdk1.8.0_152/jre/lib/ext/cldrdata.jar:/usr/local/jdk/jdk1.8.0_152/jre/lib/ext/jaccess.jar:/usr/local/jdk/jdk1.8.0_152/jre/lib/ext/jfxrt.jar:/usr/local/jdk/jdk1.8.0_152/jre/lib/ext/nashorn.jar:/usr/local/jdk/jdk1.8.0_152/jre/lib/ext/zipfs.jar:/home/zbz/workspaces/02/scx/config-server/target/classes:/home/zbz/.m2/repository/org/springframework/cloud/spring-cloud-config-server/2.0.0.M2/spring-cloud-config-server-2.0.0.M2.jar:/home/zbz/.m2/repository/org/springframework/cloud/spring-cloud-config-client/2.0.0.M2/spring-cloud-config-client-2.0.0.M2.jar:/home/zbz/.m2/repository/org/springframework/cloud/spring-cloud-commons/2.0.0.M2/spring-cloud-commons-2.0.0.M2.jar:/home/zbz/.m2/repository/org/springframework/cloud/spring-cloud-context/2.0.0.M2/spring-cloud-context-2.0.0.M2.jar:/home/zbz/.m2/repository/org/springframework/spring-web/5.0.0.RC3/spring-web-5.0.0.RC3.jar:/home/zbz/.m2/repository/org/springframework/spring-beans/5.0.0.RC3/spring-beans-5.0.0.RC3.jar:/home/zbz/.m2/repository/com/fasterxml/jackson/core/jackson-annotations/2.9.0.pr4/jackson-annotations-2.9.0.pr4.jar:/home/zbz/.m2/repository/com/fasterxml/jackson/core/jackson-databind/2.9.0.pr4/jackson-databind-2.9.0.pr4.jar:/home/zbz/.m2/repository/com/fasterxml/jackson/core/jackson-core/2.9.0.pr4/jackson-core-2.9.0.pr4.jar:/home/zbz/.m2/repository/org/springframework/boot/spring-boot-starter-web/2.0.0.M3/spring-boot-starter-web-2.0.0.M3
Launcher Type: SUN_STANDARD

Environment Variables:
PATH=/usr/local/sbin:/usr/local/bin:/usr/sbin:/usr/bin:/sbin:/bin:/usr/games:/usr/local/games:/snap/bin
SHELL=/bin/bash
DISPLAY=:0

Signal Handlers:
SIGSEGV: [libjvm.so+0xacfec0], sa_mask[0]=11111111011111111101111111111110, sa_flags=SA_RESTART|SA_SIGINFO
SIGBUS: [libjvm.so+0xacfec0], sa_mask[0]=11111111011111111101111111111110, sa_flags=SA_RESTART|SA_SIGINFO
SIGFPE: [libjvm.so+0x927e60], sa_mask[0]=11111111011111111101111111111110, sa_flags=SA_RESTART|SA_SIGINFO
SIGPIPE: [libjvm.so+0x927e60], sa_mask[0]=11111111011111111101111111111110, sa_flags=SA_RESTART|SA_SIGINFO
SIGXFSZ: [libjvm.so+0x927e60], sa_mask[0]=11111111011111111101111111111110, sa_flags=SA_RESTART|SA_SIGINFO
SIGILL: [libjvm.so+0x927e60], sa_mask[0]=11111111011111111101111111111110, sa_flags=SA_RESTART|SA_SIGINFO
SIGUSR1: SIG_DFL, sa_mask[0]=00000000000000000000000000000000, sa_flags=none
SIGUSR2: [libjvm.so+0x9296a0], sa_mask[0]=00100000000000000000000000000000, sa_flags=SA_RESTART|SA_SIGINFO
SIGHUP: [libjvm.so+0x92aaa0], sa_mask[0]=11111111011111111101111111111110, sa_flags=SA_RESTART|SA_SIGINFO
SIGINT: [libjvm.so+0x92aaa0], sa_mask[0]=11111111011111111101111111111110, sa_flags=SA_RESTART|SA_SIGINFO
SIGTERM: [libjvm.so+0x92aaa0], sa_mask[0]=11111111011111111101111111111110, sa_flags=SA_RESTART|SA_SIGINFO
SIGQUIT: [libjvm.so+0x92aaa0], sa_mask[0]=11111111011111111101111111111110, sa_flags=SA_RESTART|SA_SIGINFO


---------------  S Y S T E M  ---------------

OS:DISTRIB_ID=Ubuntu
DISTRIB_RELEASE=17.10
DISTRIB_CODENAME=artful
DISTRIB_DESCRIPTION="Ubuntu 17.10"

uname:Linux 4.13.0-16-generic #19-Ubuntu SMP Wed Oct 11 18:35:14 UTC 2017 x86_64
libc:glibc 2.26 NPTL 2.26 
rlimit: STACK 8192k, CORE 0k, NPROC 30071, NOFILE 4096, AS infinity
load average:36.17 11.83 5.77

/proc/meminfo:
MemTotal:        7751284 kB
MemFree:          115620 kB
MemAvailable:      26100 kB
Buffers:             464 kB
Cached:           302036 kB
SwapCached:         1536 kB
Active:          5243804 kB
Inactive:        1995352 kB
Active(anon):    5237440 kB
Inactive(anon):  1981536 kB
Active(file):       6364 kB
Inactive(file):    13816 kB
Unevictable:         224 kB
Mlocked:             224 kB
SwapTotal:        678096 kB
SwapFree:              0 kB
Dirty:                36 kB
Writeback:             0 kB
AnonPages:       6936812 kB
Mapped:            31088 kB
Shmem:            282052 kB
Slab:             194724 kB
SReclaimable:      74596 kB
SUnreclaim:       120128 kB
KernelStack:       23392 kB
PageTables:        86712 kB
NFS_Unstable:          0 kB
Bounce:                0 kB
WritebackTmp:          0 kB
CommitLimit:     4553736 kB
Committed_AS:   14790752 kB
VmallocTotal:   34359738367 kB
VmallocUsed:           0 kB
VmallocChunk:          0 kB
HardwareCorrupted:     0 kB
AnonHugePages:         0 kB
ShmemHugePages:        0 kB
ShmemPmdMapped:        0 kB
CmaTotal:              0 kB
CmaFree:               0 kB
HugePages_Total:       0
HugePages_Free:        0
HugePages_Rsvd:        0
HugePages_Surp:        0
Hugepagesize:       2048 kB
DirectMap4k:      300860 kB
DirectMap2M:     7661568 kB


CPU:total 4 (initial active 4) (2 cores per cpu, 2 threads per core) family 6 model 58 stepping 9, cmov, cx8, fxsr, mmx, sse, sse2, sse3, ssse3, sse4.1, sse4.2, popcnt, avx, aes, clmul, erms, ht, tsc, tscinvbit, tscinv

/proc/cpuinfo:
processor	: 0
vendor_id	: GenuineIntel
cpu family	: 6
model		: 58
model name	: Intel(R) Core(TM) i5-3337U CPU @ 1.80GHz
stepping	: 9
microcode	: 0x19
cpu MHz		: 1795.828
cache size	: 3072 KB
physical id	: 0
siblings	: 4
core id		: 0
cpu cores	: 2
apicid		: 0
initial apicid	: 0
fpu		: yes
fpu_exception	: yes
cpuid level	: 13
wp		: yes
flags		: fpu vme de pse tsc msr pae mce cx8 apic sep mtrr pge mca cmov pat pse36 clflush dts acpi mmx fxsr sse sse2 ss ht tm pbe syscall nx rdtscp lm constant_tsc arch_perfmon pebs bts rep_good nopl xtopology nonstop_tsc cpuid aperfmperf pni pclmulqdq dtes64 monitor ds_cpl vmx est tm2 ssse3 cx16 xtpr pdcm pcid sse4_1 sse4_2 x2apic popcnt tsc_deadline_timer aes xsave avx f16c rdrand lahf_lm cpuid_fault epb tpr_shadow vnmi flexpriority ept vpid fsgsbase smep erms xsaveopt dtherm ida arat pln pts
bugs		:
bogomips	: 3591.65
clflush size	: 64
cache_alignment	: 64
address sizes	: 36 bits physical, 48 bits virtual
power management:

processor	: 1
vendor_id	: GenuineIntel
cpu family	: 6
model		: 58
model name	: Intel(R) Core(TM) i5-3337U CPU @ 1.80GHz
stepping	: 9
microcode	: 0x19
cpu MHz		: 1795.828
cache size	: 3072 KB
physical id	: 0
siblings	: 4
core id		: 0
cpu cores	: 2
apicid		: 1
initial apicid	: 1
fpu		: yes
fpu_exception	: yes
cpuid level	: 13
wp		: yes
flags		: fpu vme de pse tsc msr pae mce cx8 apic sep mtrr pge mca cmov pat pse36 clflush dts acpi mmx fxsr sse sse2 ss ht tm pbe syscall nx rdtscp lm constant_tsc arch_perfmon pebs bts rep_good nopl xtopology nonstop_tsc cpuid aperfmperf pni pclmulqdq dtes64 monitor ds_cpl vmx est tm2 ssse3 cx16 xtpr pdcm pcid sse4_1 sse4_2 x2apic popcnt tsc_deadline_timer aes xsave avx f16c rdrand lahf_lm cpuid_fault epb tpr_shadow vnmi flexpriority ept vpid fsgsbase smep erms xsaveopt dtherm ida arat pln pts
bugs		:
bogomips	: 3591.65
clflush size	: 64
cache_alignment	: 64
address sizes	: 36 bits physical, 48 bits virtual
power management:

processor	: 2
vendor_id	: GenuineIntel
cpu family	: 6
model		: 58
model name	: Intel(R) Core(TM) i5-3337U CPU @ 1.80GHz
stepping	: 9
microcode	: 0x19
cpu MHz		: 1795.828
cache size	: 3072 KB
physical id	: 0
siblings	: 4
core id		: 1
cpu cores	: 2
apicid		: 2
initial apicid	: 2
fpu		: yes
fpu_exception	: yes
cpuid level	: 13
wp		: yes
flags		: fpu vme de pse tsc msr pae mce cx8 apic sep mtrr pge mca cmov pat pse36 clflush dts acpi mmx fxsr sse sse2 ss ht tm pbe syscall nx rdtscp lm constant_tsc arch_perfmon pebs bts rep_good nopl xtopology nonstop_tsc cpuid aperfmperf pni pclmulqdq dtes64 monitor ds_cpl vmx est tm2 ssse3 cx16 xtpr pdcm pcid sse4_1 sse4_2 x2apic popcnt tsc_deadline_timer aes xsave avx f16c rdrand lahf_lm cpuid_fault epb tpr_shadow vnmi flexpriority ept vpid fsgsbase smep erms xsaveopt dtherm ida arat pln pts
bugs		:
bogomips	: 3591.65
clflush size	: 64
cache_alignment	: 64
address sizes	: 36 bits physical, 48 bits virtual
power management:

processor	: 3
vendor_id	: GenuineIntel
cpu family	: 6
model		: 58
model name	: Intel(R) Core(TM) i5-3337U CPU @ 1.80GHz
stepping	: 9
microcode	: 0x19
cpu MHz		: 1795.828
cache size	: 3072 KB
physical id	: 0
siblings	: 4
core id		: 1
cpu cores	: 2
apicid		: 3
initial apicid	: 3
fpu		: yes
fpu_exception	: yes
cpuid level	: 13
wp		: yes
flags		: fpu vme de pse tsc msr pae mce cx8 apic sep mtrr pge mca cmov pat pse36 clflush dts acpi mmx fxsr sse sse2 ss ht tm pbe syscall nx rdtscp lm constant_tsc arch_perfmon pebs bts rep_good nopl xtopology nonstop_tsc cpuid aperfmperf pni pclmulqdq dtes64 monitor ds_cpl vmx est tm2 ssse3 cx16 xtpr pdcm pcid sse4_1 sse4_2 x2apic popcnt tsc_deadline_timer aes xsave avx f16c rdrand lahf_lm cpuid_fault epb tpr_shadow vnmi flexpriority ept vpid fsgsbase smep erms xsaveopt dtherm ida arat pln pts
bugs		:
bogomips	: 3591.65
clflush size	: 64
cache_alignment	: 64
address sizes	: 36 bits physical, 48 bits virtual
power management:



Memory: 4k page, physical 7751284k(122388k free), swap 678096k(0k free)

vm_info: Java HotSpot(TM) 64-Bit Server VM (25.152-b16) for linux-amd64 JRE (1.8.0_152-b16), built on Sep 14 2017 02:16:14 by "java_re" with gcc 4.3.0 20080428 (Red Hat 4.3.0-8)

time: Mon Nov 13 17:38:08 2017
elapsed time: 645 seconds (0d 0h 10m 45s)

